Build started 2/13/2023 9:40:44 PM.
     1>Project "c:\Users\lunat\documents\visual studio 2010\Projects\BubleSort\AssemblyFiles\Windows\VisualStudio_10\BubleSort.vcxproj" on node 2 (build target(s)).
     1>InitializeBuildStatus:
         Creating "BubleSort\DynamicDebug\BubleSort.unsuccessfulbuild" because "AlwaysCreate" was specified.
       ClCompile:
         C:\Program Files (x86)\Microsoft Visual Studio 10.0\VC\bin\CL.exe /c /I..\..\..\HeaderFiles /I..\..\..\SharedFiles /ID:\Eco.Framework_20230121\Eco.Framework\Eco.Core1\SharedFiles /ID:\Eco.Framework_20230121\Eco.Framework\Eco.InterfaceBus1\SharedFiles /ID:\Eco.Framework_20230121\Eco.Framework\Eco.System1\SharedFiles /ID:\Eco.Framework_20230121\Eco.Framework\Eco.MemoryManager1\SharedFiles /ID:\Eco.Framework_20230121\Eco.Framework\Eco.FileSystemManagement1\SharedFiles /ID:\Eco.Framework_20230121\Eco.Framework\Eco.List1\SharedFiles /ZI /nologo /W3 /WX- /Od /Oy- /D WIN32 /D _DEBUG /D _WINDOWS /D ECO_WINDOWS /D ECO_WIN32 /D UGUID_UTILITY /D ECO_DLL /D _WINDLL /D _UNICODE /D UNICODE /Gm /EHsc /RTC1 /MTd /GS /fp:precise /Zc:wchar_t /Zc:forScope /Fo"BubleSort\DynamicDebug\\" /Fd"BubleSort\DynamicDebug\vc100.pdb" /Gz /TC /analyze- /errorReport:prompt ..\..\..\SourceFiles\CBubleSort.c ..\..\..\SourceFiles\CBubleSortFactory.c
         CBubleSortFactory.c
         CBubleSort.c
     1>c:\users\lunat\documents\visual studio 2010\projects\bublesort\sourcefiles\cbublesort.c(190): warning C4133: 'initializing' : incompatible types - from 'void (__stdcall *)(IBubleSort *,void *,size_t,size_t,int16_t (__stdcall *)(const void *,const void *),void (__stdcall *)(const void *,const void *))' to 'int16_t (__stdcall *)(IBubleSort *,void *,size_t,size_t,int16_t (__stdcall *)(const void *,const void *),void (__stdcall *)(const void *,const void *))'
         Generating Code...
       MakeDirsForLink:
         Creating directory "c:\Users\lunat\documents\visual studio 2010\Projects\BubleSort\AssemblyFiles\Windows\VisualStudio_10\..\..\..\BuildFiles\Windows\x86\DynamicDebug".
     1>C:\Program Files (x86)\MSBuild\Microsoft.Cpp\v4.0\Microsoft.CppBuild.targets(990,5): warning MSB8012: TargetPath(c:\users\lunat\documents\visual studio 2010\Projects\BubleSort\AssemblyFiles\Windows\VisualStudio_10\BubleSort\DynamicDebug\680786EC2FB742F2A3C6C9D4B4ED74BE.dll) does not match the Linker's OutputFile property value (c:\Users\lunat\documents\visual studio 2010\Projects\BubleSort\BuildFiles\Windows\x86\DynamicDebug\680786EC2FB742F2A3C6C9D4B4ED74BE.dll). This may cause your project to build incorrectly. To correct this, please make sure that $(OutDir), $(TargetName) and $(TargetExt) property values match the value specified in %(Link.OutputFile).
       Link:
         C:\Program Files (x86)\Microsoft Visual Studio 10.0\VC\bin\link.exe /ERRORREPORT:PROMPT /OUT:"..\..\..\BuildFiles\Windows\x86\DynamicDebug\680786EC2FB742F2A3C6C9D4B4ED74BE.dll" /NOLOGO kernel32.lib user32.lib gdi32.lib winspool.lib comdlg32.lib advapi32.lib shell32.lib ole32.lib oleaut32.lib uuid.lib odbc32.lib odbccp32.lib /MANIFEST /ManifestFile:"BubleSort\DynamicDebug\680786EC2FB742F2A3C6C9D4B4ED74BE.dll.intermediate.manifest" /MANIFESTUAC:"level='asInvoker' uiAccess='false'" /DEBUG /PDB:"c:\users\lunat\documents\visual studio 2010\Projects\BubleSort\AssemblyFiles\Windows\VisualStudio_10\BubleSort\DynamicDebug\680786EC2FB742F2A3C6C9D4B4ED74BE.pdb" /SUBSYSTEM:WINDOWS /TLBID:1 /DYNAMICBASE /NXCOMPAT /IMPLIB:"c:\users\lunat\documents\visual studio 2010\Projects\BubleSort\AssemblyFiles\Windows\VisualStudio_10\BubleSort\DynamicDebug\680786EC2FB742F2A3C6C9D4B4ED74BE.lib" /MACHINE:X86 /DLL BubleSort\DynamicDebug\CBubleSort.obj
         BubleSort\DynamicDebug\CBubleSortFactory.obj
            Creating library c:\users\lunat\documents\visual studio 2010\Projects\BubleSort\AssemblyFiles\Windows\VisualStudio_10\BubleSort\DynamicDebug\680786EC2FB742F2A3C6C9D4B4ED74BE.lib and object c:\users\lunat\documents\visual studio 2010\Projects\BubleSort\AssemblyFiles\Windows\VisualStudio_10\BubleSort\DynamicDebug\680786EC2FB742F2A3C6C9D4B4ED74BE.exp
         BubleSort.vcxproj -> c:\users\lunat\documents\visual studio 2010\Projects\BubleSort\AssemblyFiles\Windows\VisualStudio_10\BubleSort\DynamicDebug\680786EC2FB742F2A3C6C9D4B4ED74BE.dll
       Manifest:
         C:\Program Files (x86)\Microsoft SDKs\Windows\v7.0A\bin\mt.exe /nologo /verbose /outputresource:"..\..\..\BuildFiles\Windows\x86\DynamicDebug\680786EC2FB742F2A3C6C9D4B4ED74BE.dll;#2" /manifest BubleSort\DynamicDebug\680786EC2FB742F2A3C6C9D4B4ED74BE.dll.intermediate.manifest
       FinalizeBuildStatus:
         Deleting file "BubleSort\DynamicDebug\BubleSort.unsuccessfulbuild".
         Touching "BubleSort\DynamicDebug\BubleSort.lastbuildstate".
     1>Done Building Project "c:\Users\lunat\documents\visual studio 2010\Projects\BubleSort\AssemblyFiles\Windows\VisualStudio_10\BubleSort.vcxproj" (build target(s)).

Build succeeded.

Time Elapsed 00:00:03.53
